# JRE version: OpenJDK Runtime Environment (8.0_302-b07) (build 1.8.0_302-b07)
# Java VM: OpenJDK 64-Bit Server VM GraalVM CE 21.2.0 (25.302-b07-jvmci-21.2-b08 mixed mode linux-amd64 compressed oops)
Heap:
 PSYoungGen      total 173568K, used 4605K [0x00000000f5580000, 0x0000000100000000, 0x0000000100000000)
  eden space 172544K, 2% used [0x00000000f5580000,0x00000000f59d7720,0x00000000ffe00000)
  from space 1024K, 15% used [0x00000000fff00000,0x00000000fff28000,0x0000000100000000)
  to   space 1024K, 0% used [0x00000000ffe00000,0x00000000ffe00000,0x00000000fff00000)
 ParOldGen       total 349696K, used 111680K [0x00000000e0000000, 0x00000000f5580000, 0x00000000f5580000)
  object space 349696K, 31% used [0x00000000e0000000,0x00000000e6d101a0,0x00000000f5580000)
 Metaspace       used 28326K, capacity 28942K, committed 29312K, reserved 1075200K
  class space    used 3248K, capacity 3419K, committed 3456K, reserved 1048576K
GC Heap History (10 events):
Event: 9030.177 GC heap before
{Heap before GC invocations=193 (full 1):
 PSYoungGen      total 174080K, used 173760K [0x00000000f5580000, 0x0000000100000000, 0x0000000100000000)
  eden space 173568K, 100% used [0x00000000f5580000,0x00000000fff00000,0x00000000fff00000)
  from space 512K, 37% used [0x00000000fff00000,0x00000000fff30000,0x00000000fff80000)
  to   space 512K, 0% used [0x00000000fff80000,0x00000000fff80000,0x0000000100000000)
 ParOldGen       total 349696K, used 111200K [0x00000000e0000000, 0x00000000f5580000, 0x00000000f5580000)
  object space 349696K, 31% used [0x00000000e0000000,0x00000000e6c981b0,0x00000000f5580000)
 Metaspace       used 28319K, capacity 28942K, committed 29312K, reserved 1075200K
  class space    used 3248K, capacity 3419K, committed 3456K, reserved 1048576K
Event: 9030.181 GC heap after
Heap after GC invocations=193 (full 1):
 PSYoungGen      total 173056K, used 512K [0x00000000f5580000, 0x0000000100000000, 0x0000000100000000)
  eden space 172544K, 0% used [0x00000000f5580000,0x00000000f5580000,0x00000000ffe00000)
  from space 512K, 100% used [0x00000000fff80000,0x0000000100000000,0x0000000100000000)
  to   space 1024K, 0% used [0x00000000ffe00000,0x00000000ffe00000,0x00000000fff00000)
 ParOldGen       total 349696K, used 111680K [0x00000000e0000000, 0x00000000f5580000, 0x00000000f5580000)
  object space 349696K, 31% used [0x00000000e0000000,0x00000000e6d101a0,0x00000000f5580000)
 Metaspace       used 28319K, capacity 28942K, committed 29312K, reserved 1075200K
  class space    used 3248K, capacity 3419K, committed 3456K, reserved 1048576K
}
Event: 9084.420 GC heap before
{Heap before GC invocations=194 (full 1):
 PSYoungGen      total 173056K, used 173056K [0x00000000f5580000, 0x0000000100000000, 0x0000000100000000)
  eden space 172544K, 100% used [0x00000000f5580000,0x00000000ffe00000,0x00000000ffe00000)
  from space 512K, 100% used [0x00000000fff80000,0x0000000100000000,0x0000000100000000)
  to   space 1024K, 0% used [0x00000000ffe00000,0x00000000ffe00000,0x00000000fff00000)
 ParOldGen       total 349696K, used 111680K [0x00000000e0000000, 0x00000000f5580000, 0x00000000f5580000)
  object space 349696K, 31% used [0x00000000e0000000,0x00000000e6d101a0,0x00000000f5580000)
 Metaspace       used 28319K, capacity 28942K, committed 29312K, reserved 1075200K
  class space    used 3248K, capacity 3419K, committed 3456K, reserved 1048576K
Event: 9084.430 GC heap after
Heap after GC invocations=194 (full 1):
 PSYoungGen      total 173568K, used 96K [0x00000000f5580000, 0x0000000100000000, 0x0000000100000000)
  eden space 172544K, 0% used [0x00000000f5580000,0x00000000f5580000,0x00000000ffe00000)
  from space 1024K, 9% used [0x00000000ffe00000,0x00000000ffe18000,0x00000000fff00000)
  to   space 1024K, 0% used [0x00000000fff00000,0x00000000fff00000,0x0000000100000000)
 ParOldGen       total 349696K, used 111680K [0x00000000e0000000, 0x00000000f5580000, 0x00000000f5580000)
  object space 349696K, 31% used [0x00000000e0000000,0x00000000e6d101a0,0x00000000f5580000)
 Metaspace       used 28319K, capacity 28942K, committed 29312K, reserved 1075200K
  class space    used 3248K, capacity 3419K, committed 3456K, reserved 1048576K
}
Event: 9136.819 GC heap before
{Heap before GC invocations=195 (full 1):
 PSYoungGen      total 173568K, used 172640K [0x00000000f5580000, 0x0000000100000000, 0x0000000100000000)
  eden space 172544K, 100% used [0x00000000f5580000,0x00000000ffe00000,0x00000000ffe00000)
  from space 1024K, 9% used [0x00000000ffe00000,0x00000000ffe18000,0x00000000fff00000)
  to   space 1024K, 0% used [0x00000000fff00000,0x00000000fff00000,0x0000000100000000)
 ParOldGen       total 349696K, used 111680K [0x00000000e0000000, 0x00000000f5580000, 0x00000000f5580000)
  object space 349696K, 31% used [0x00000000e0000000,0x00000000e6d101a0,0x00000000f5580000)
 Metaspace       used 28326K, capacity 28942K, committed 29312K, reserved 1075200K
  class space    used 3248K, capacity 3419K, committed 3456K, reserved 1048576K
Event: 9136.825 GC heap after
Heap after GC invocations=195 (full 1):
 PSYoungGen      total 173568K, used 224K [0x00000000f5580000, 0x0000000100000000, 0x0000000100000000)
  eden space 172544K, 0% used [0x00000000f5580000,0x00000000f5580000,0x00000000ffe00000)
  from space 1024K, 21% used [0x00000000fff00000,0x00000000fff38000,0x0000000100000000)
  to   space 1024K, 0% used [0x00000000ffe00000,0x00000000ffe00000,0x00000000fff00000)
 ParOldGen       total 349696K, used 111680K [0x00000000e0000000, 0x00000000f5580000, 0x00000000f5580000)
  object space 349696K, 31% used [0x00000000e0000000,0x00000000e6d101a0,0x00000000f5580000)
 Metaspace       used 28326K, capacity 28942K, committed 29312K, reserved 1075200K
  class space    used 3248K, capacity 3419K, committed 3456K, reserved 1048576K
}
Event: 9189.066 GC heap before
{Heap before GC invocations=196 (full 1):
 PSYoungGen      total 173568K, used 172768K [0x00000000f5580000, 0x0000000100000000, 0x0000000100000000)
  eden space 172544K, 100% used [0x00000000f5580000,0x00000000ffe00000,0x00000000ffe00000)
  from space 1024K, 21% used [0x00000000fff00000,0x00000000fff38000,0x0000000100000000)
  to   space 1024K, 0% used [0x00000000ffe00000,0x00000000ffe00000,0x00000000fff00000)
 ParOldGen       total 349696K, used 111680K [0x00000000e0000000, 0x00000000f5580000, 0x00000000f5580000)
  object space 349696K, 31% used [0x00000000e0000000,0x00000000e6d101a0,0x00000000f5580000)
 Metaspace       used 28326K, capacity 28942K, committed 29312K, reserved 1075200K
  class space    used 3248K, capacity 3419K, committed 3456K, reserved 1048576K
Event: 9189.068 GC heap after
Heap after GC invocations=196 (full 1):
 PSYoungGen      total 173568K, used 192K [0x00000000f5580000, 0x0000000100000000, 0x0000000100000000)
  eden space 172544K, 0% used [0x00000000f5580000,0x00000000f5580000,0x00000000ffe00000)
  from space 1024K, 18% used [0x00000000ffe00000,0x00000000ffe30000,0x00000000fff00000)
  to   space 1024K, 0% used [0x00000000fff00000,0x00000000fff00000,0x0000000100000000)
 ParOldGen       total 349696K, used 111680K [0x00000000e0000000, 0x00000000f5580000, 0x00000000f5580000)
  object space 349696K, 31% used [0x00000000e0000000,0x00000000e6d101a0,0x00000000f5580000)
 Metaspace       used 28326K, capacity 28942K, committed 29312K, reserved 1075200K
  class space    used 3248K, capacity 3419K, committed 3456K, reserved 1048576K
}
Event: 9298.368 GC heap before
{Heap before GC invocations=197 (full 1):
 PSYoungGen      total 173568K, used 172736K [0x00000000f5580000, 0x0000000100000000, 0x0000000100000000)
  eden space 172544K, 100% used [0x00000000f5580000,0x00000000ffe00000,0x00000000ffe00000)
  from space 1024K, 18% used [0x00000000ffe00000,0x00000000ffe30000,0x00000000fff00000)
  to   space 1024K, 0% used [0x00000000fff00000,0x00000000fff00000,0x0000000100000000)
 ParOldGen       total 349696K, used 111680K [0x00000000e0000000, 0x00000000f5580000, 0x00000000f5580000)
  object space 349696K, 31% used [0x00000000e0000000,0x00000000e6d101a0,0x00000000f5580000)
 Metaspace       used 28326K, capacity 28942K, committed 29312K, reserved 1075200K
  class space    used 3248K, capacity 3419K, committed 3456K, reserved 1048576K
Event: 9298.390 GC heap after
Heap after GC invocations=197 (full 1):
 PSYoungGen      total 173568K, used 160K [0x00000000f5580000, 0x0000000100000000, 0x0000000100000000)
  eden space 172544K, 0% used [0x00000000f5580000,0x00000000f5580000,0x00000000ffe00000)
  from space 1024K, 15% used [0x00000000fff00000,0x00000000fff28000,0x0000000100000000)
  to   space 1024K, 0% used [0x00000000ffe00000,0x00000000ffe00000,0x00000000fff00000)
 ParOldGen       total 349696K, used 111680K [0x00000000e0000000, 0x00000000f5580000, 0x00000000f5580000)
  object space 349696K, 31% used [0x00000000e0000000,0x00000000e6d101a0,0x00000000f5580000)
 Metaspace       used 28326K, capacity 28942K, committed 29312K, reserved 1075200K
  class space    used 3248K, capacity 3419K, committed 3456K, reserved 1048576K
}

