# JRE version: OpenJDK Runtime Environment (8.0_302-b07) (build 1.8.0_302-b07)
# Java VM: OpenJDK 64-Bit Server VM GraalVM CE 21.2.0 (25.302-b07-jvmci-21.2-b08 mixed mode linux-amd64 compressed oops)
Heap:
 PSYoungGen      total 126976K, used 47486K [0x00000000f5580000, 0x0000000100000000, 0x0000000100000000)
  eden space 82432K, 57% used [0x00000000f5580000,0x00000000f837f978,0x00000000fa600000)
  from space 44544K, 0% used [0x00000000fa600000,0x00000000fa660000,0x00000000fd180000)
  to   space 41472K, 0% used [0x00000000fd780000,0x00000000fd780000,0x0000000100000000)
 ParOldGen       total 349696K, used 105650K [0x00000000e0000000, 0x00000000f5580000, 0x00000000f5580000)
  object space 349696K, 30% used [0x00000000e0000000,0x00000000e672cb38,0x00000000f5580000)
 Metaspace       used 27128K, capacity 27556K, committed 27904K, reserved 1073152K
  class space    used 3141K, capacity 3272K, committed 3328K, reserved 1048576K
GC Heap History (10 events):
Event: 4151.963 GC heap before
{Heap before GC invocations=20 (full 1):
 PSYoungGen      total 117248K, used 59584K [0x00000000f5580000, 0x0000000100000000, 0x0000000100000000)
  eden space 59392K, 100% used [0x00000000f5580000,0x00000000f8f80000,0x00000000f8f80000)
  from space 57856K, 0% used [0x00000000fc780000,0x00000000fc7b0000,0x0000000100000000)
  to   space 57344K, 0% used [0x00000000f8f80000,0x00000000f8f80000,0x00000000fc780000)
 ParOldGen       total 349696K, used 105634K [0x00000000e0000000, 0x00000000f5580000, 0x00000000f5580000)
  object space 349696K, 30% used [0x00000000e0000000,0x00000000e6728b38,0x00000000f5580000)
 Metaspace       used 27093K, capacity 27492K, committed 27648K, reserved 1073152K
  class space    used 3141K, capacity 3272K, committed 3328K, reserved 1048576K
Event: 4151.967 GC heap after
Heap after GC invocations=20 (full 1):
 PSYoungGen      total 116736K, used 224K [0x00000000f5580000, 0x0000000100000000, 0x0000000100000000)
  eden space 59392K, 0% used [0x00000000f5580000,0x00000000f5580000,0x00000000f8f80000)
  from space 57344K, 0% used [0x00000000f8f80000,0x00000000f8fb8000,0x00000000fc780000)
  to   space 54272K, 0% used [0x00000000fcb00000,0x00000000fcb00000,0x0000000100000000)
 ParOldGen       total 349696K, used 105634K [0x00000000e0000000, 0x00000000f5580000, 0x00000000f5580000)
  object space 349696K, 30% used [0x00000000e0000000,0x00000000e6728b38,0x00000000f5580000)
 Metaspace       used 27093K, capacity 27492K, committed 27648K, reserved 1073152K
  class space    used 3141K, capacity 3272K, committed 3328K, reserved 1048576K
}
Event: 4393.263 GC heap before
{Heap before GC invocations=21 (full 1):
 PSYoungGen      total 116736K, used 59616K [0x00000000f5580000, 0x0000000100000000, 0x0000000100000000)
  eden space 59392K, 100% used [0x00000000f5580000,0x00000000f8f80000,0x00000000f8f80000)
  from space 57344K, 0% used [0x00000000f8f80000,0x00000000f8fb8000,0x00000000fc780000)
  to   space 54272K, 0% used [0x00000000fcb00000,0x00000000fcb00000,0x0000000100000000)
 ParOldGen       total 349696K, used 105634K [0x00000000e0000000, 0x00000000f5580000, 0x00000000f5580000)
  object space 349696K, 30% used [0x00000000e0000000,0x00000000e6728b38,0x00000000f5580000)
 Metaspace       used 27094K, capacity 27492K, committed 27648K, reserved 1073152K
  class space    used 3141K, capacity 3272K, committed 3328K, reserved 1048576K
Event: 4393.265 GC heap after
Heap after GC invocations=21 (full 1):
 PSYoungGen      total 123904K, used 256K [0x00000000f5580000, 0x0000000100000000, 0x0000000100000000)
  eden space 69632K, 0% used [0x00000000f5580000,0x00000000f5580000,0x00000000f9980000)
  from space 54272K, 0% used [0x00000000fcb00000,0x00000000fcb40000,0x0000000100000000)
  to   space 50688K, 0% used [0x00000000f9980000,0x00000000f9980000,0x00000000fcb00000)
 ParOldGen       total 349696K, used 105634K [0x00000000e0000000, 0x00000000f5580000, 0x00000000f5580000)
  object space 349696K, 30% used [0x00000000e0000000,0x00000000e6728b38,0x00000000f5580000)
 Metaspace       used 27094K, capacity 27492K, committed 27648K, reserved 1073152K
  class space    used 3141K, capacity 3272K, committed 3328K, reserved 1048576K
}
Event: 4664.569 GC heap before
{Heap before GC invocations=22 (full 1):
 PSYoungGen      total 123904K, used 69888K [0x00000000f5580000, 0x0000000100000000, 0x0000000100000000)
  eden space 69632K, 100% used [0x00000000f5580000,0x00000000f9980000,0x00000000f9980000)
  from space 54272K, 0% used [0x00000000fcb00000,0x00000000fcb40000,0x0000000100000000)
  to   space 50688K, 0% used [0x00000000f9980000,0x00000000f9980000,0x00000000fcb00000)
 ParOldGen       total 349696K, used 105634K [0x00000000e0000000, 0x00000000f5580000, 0x00000000f5580000)
  object space 349696K, 30% used [0x00000000e0000000,0x00000000e6728b38,0x00000000f5580000)
 Metaspace       used 27112K, capacity 27556K, committed 27904K, reserved 1073152K
  class space    used 3141K, capacity 3272K, committed 3328K, reserved 1048576K
Event: 4664.571 GC heap after
Heap after GC invocations=22 (full 1):
 PSYoungGen      total 120320K, used 736K [0x00000000f5580000, 0x0000000100000000, 0x0000000100000000)
  eden space 69632K, 0% used [0x00000000f5580000,0x00000000f5580000,0x00000000f9980000)
  from space 50688K, 1% used [0x00000000f9980000,0x00000000f9a38000,0x00000000fcb00000)
  to   space 47616K, 0% used [0x00000000fd180000,0x00000000fd180000,0x0000000100000000)
 ParOldGen       total 349696K, used 105642K [0x00000000e0000000, 0x00000000f5580000, 0x00000000f5580000)
  object space 349696K, 30% used [0x00000000e0000000,0x00000000e672ab38,0x00000000f5580000)
 Metaspace       used 27112K, capacity 27556K, committed 27904K, reserved 1073152K
  class space    used 3141K, capacity 3272K, committed 3328K, reserved 1048576K
}
Event: 4963.604 GC heap before
{Heap before GC invocations=23 (full 1):
 PSYoungGen      total 120320K, used 70368K [0x00000000f5580000, 0x0000000100000000, 0x0000000100000000)
  eden space 69632K, 100% used [0x00000000f5580000,0x00000000f9980000,0x00000000f9980000)
  from space 50688K, 1% used [0x00000000f9980000,0x00000000f9a38000,0x00000000fcb00000)
  to   space 47616K, 0% used [0x00000000fd180000,0x00000000fd180000,0x0000000100000000)
 ParOldGen       total 349696K, used 105642K [0x00000000e0000000, 0x00000000f5580000, 0x00000000f5580000)
  object space 349696K, 30% used [0x00000000e0000000,0x00000000e672ab38,0x00000000f5580000)
 Metaspace       used 27113K, capacity 27556K, committed 27904K, reserved 1073152K
  class space    used 3141K, capacity 3272K, committed 3328K, reserved 1048576K
Event: 4963.606 GC heap after
Heap after GC invocations=23 (full 1):
 PSYoungGen      total 130048K, used 1728K [0x00000000f5580000, 0x0000000100000000, 0x0000000100000000)
  eden space 82432K, 0% used [0x00000000f5580000,0x00000000f5580000,0x00000000fa600000)
  from space 47616K, 3% used [0x00000000fd180000,0x00000000fd330000,0x0000000100000000)
  to   space 44544K, 0% used [0x00000000fa600000,0x00000000fa600000,0x00000000fd180000)
 ParOldGen       total 349696K, used 105642K [0x00000000e0000000, 0x00000000f5580000, 0x00000000f5580000)
  object space 349696K, 30% used [0x00000000e0000000,0x00000000e672ab38,0x00000000f5580000)
 Metaspace       used 27113K, capacity 27556K, committed 27904K, reserved 1073152K
  class space    used 3141K, capacity 3272K, committed 3328K, reserved 1048576K
}
Event: 5314.814 GC heap before
{Heap before GC invocations=24 (full 1):
 PSYoungGen      total 130048K, used 84160K [0x00000000f5580000, 0x0000000100000000, 0x0000000100000000)
  eden space 82432K, 100% used [0x00000000f5580000,0x00000000fa600000,0x00000000fa600000)
  from space 47616K, 3% used [0x00000000fd180000,0x00000000fd330000,0x0000000100000000)
  to   space 44544K, 0% used [0x00000000fa600000,0x00000000fa600000,0x00000000fd180000)
 ParOldGen       total 349696K, used 105642K [0x00000000e0000000, 0x00000000f5580000, 0x00000000f5580000)
  object space 349696K, 30% used [0x00000000e0000000,0x00000000e672ab38,0x00000000f5580000)
 Metaspace       used 27123K, capacity 27556K, committed 27904K, reserved 1073152K
  class space    used 3141K, capacity 3272K, committed 3328K, reserved 1048576K
Event: 5314.818 GC heap after
Heap after GC invocations=24 (full 1):
 PSYoungGen      total 126976K, used 384K [0x00000000f5580000, 0x0000000100000000, 0x0000000100000000)
  eden space 82432K, 0% used [0x00000000f5580000,0x00000000f5580000,0x00000000fa600000)
  from space 44544K, 0% used [0x00000000fa600000,0x00000000fa660000,0x00000000fd180000)
  to   space 41472K, 0% used [0x00000000fd780000,0x00000000fd780000,0x0000000100000000)
 ParOldGen       total 349696K, used 105650K [0x00000000e0000000, 0x00000000f5580000, 0x00000000f5580000)
  object space 349696K, 30% used [0x00000000e0000000,0x00000000e672cb38,0x00000000f5580000)
 Metaspace       used 27123K, capacity 27556K, committed 27904K, reserved 1073152K
  class space    used 3141K, capacity 3272K, committed 3328K, reserved 1048576K
}

