# JRE version: OpenJDK Runtime Environment (8.0_302-b07) (build 1.8.0_302-b07)
# Java VM: OpenJDK 64-Bit Server VM GraalVM CE 21.2.0 (25.302-b07-jvmci-21.2-b08 mixed mode linux-amd64 compressed oops)
Heap:
 PSYoungGen      total 116736K, used 45054K [0x00000000f5580000, 0x0000000100000000, 0x0000000100000000)
  eden space 58880K, 75% used [0x00000000f5580000,0x00000000f80e7820,0x00000000f8f00000)
  from space 57856K, 1% used [0x00000000f8f00000,0x00000000f8f98000,0x00000000fc780000)
  to   space 57856K, 0% used [0x00000000fc780000,0x00000000fc780000,0x0000000100000000)
 ParOldGen       total 349696K, used 107114K [0x00000000e0000000, 0x00000000f5580000, 0x00000000f5580000)
  object space 349696K, 30% used [0x00000000e0000000,0x00000000e689a8d0,0x00000000f5580000)
 Metaspace       used 28231K, capacity 28808K, committed 29056K, reserved 1075200K
  class space    used 3244K, capacity 3418K, committed 3456K, reserved 1048576K
GC Heap History (10 events):
Event: 660.623 GC heap before
{Heap before GC invocations=6 (full 1):
 PSYoungGen      total 153088K, used 151057K [0x00000000f5580000, 0x0000000100000000, 0x0000000100000000)
  eden space 131584K, 100% used [0x00000000f5580000,0x00000000fd600000,0x00000000fd600000)
  from space 21504K, 90% used [0x00000000feb00000,0x00000000ffe04410,0x0000000100000000)
  to   space 21504K, 0% used [0x00000000fd600000,0x00000000fd600000,0x00000000feb00000)
 ParOldGen       total 349696K, used 102364K [0x00000000e0000000, 0x00000000f5580000, 0x00000000f5580000)
  object space 349696K, 29% used [0x00000000e0000000,0x00000000e63f71b8,0x00000000f5580000)
 Metaspace       used 28097K, capacity 28680K, committed 29056K, reserved 1075200K
  class space    used 3244K, capacity 3418K, committed 3456K, reserved 1048576K
Event: 660.636 GC heap after
Heap after GC invocations=6 (full 1):
 PSYoungGen      total 137216K, used 5363K [0x00000000f5580000, 0x0000000100000000, 0x0000000100000000)
  eden space 131584K, 0% used [0x00000000f5580000,0x00000000f5580000,0x00000000fd600000)
  from space 5632K, 95% used [0x00000000fd600000,0x00000000fdb3cc00,0x00000000fdb80000)
  to   space 37376K, 0% used [0x00000000fdb80000,0x00000000fdb80000,0x0000000100000000)
 ParOldGen       total 349696K, used 102372K [0x00000000e0000000, 0x00000000f5580000, 0x00000000f5580000)
  object space 349696K, 29% used [0x00000000e0000000,0x00000000e63f91b8,0x00000000f5580000)
 Metaspace       used 28097K, capacity 28680K, committed 29056K, reserved 1075200K
  class space    used 3244K, capacity 3418K, committed 3456K, reserved 1048576K
}
Event: 1568.423 GC heap before
{Heap before GC invocations=7 (full 1):
 PSYoungGen      total 137216K, used 136947K [0x00000000f5580000, 0x0000000100000000, 0x0000000100000000)
  eden space 131584K, 100% used [0x00000000f5580000,0x00000000fd600000,0x00000000fd600000)
  from space 5632K, 95% used [0x00000000fd600000,0x00000000fdb3cc00,0x00000000fdb80000)
  to   space 37376K, 0% used [0x00000000fdb80000,0x00000000fdb80000,0x0000000100000000)
 ParOldGen       total 349696K, used 102372K [0x00000000e0000000, 0x00000000f5580000, 0x00000000f5580000)
  object space 349696K, 29% used [0x00000000e0000000,0x00000000e63f91b8,0x00000000f5580000)
 Metaspace       used 28159K, capacity 28680K, committed 29056K, reserved 1075200K
  class space    used 3244K, capacity 3418K, committed 3456K, reserved 1048576K
Event: 1568.438 GC heap after
Heap after GC invocations=7 (full 1):
 PSYoungGen      total 96256K, used 5249K [0x00000000f5580000, 0x0000000100000000, 0x0000000100000000)
  eden space 58880K, 0% used [0x00000000f5580000,0x00000000f5580000,0x00000000f8f00000)
  from space 37376K, 14% used [0x00000000fdb80000,0x00000000fe0a0528,0x0000000100000000)
  to   space 57856K, 0% used [0x00000000f8f00000,0x00000000f8f00000,0x00000000fc780000)
 ParOldGen       total 349696K, used 102380K [0x00000000e0000000, 0x00000000f5580000, 0x00000000f5580000)
  object space 349696K, 29% used [0x00000000e0000000,0x00000000e63fb1b8,0x00000000f5580000)
 Metaspace       used 28159K, capacity 28680K, committed 29056K, reserved 1075200K
  class space    used 3244K, capacity 3418K, committed 3456K, reserved 1048576K
}
Event: 1957.700 GC heap before
{Heap before GC invocations=8 (full 1):
 PSYoungGen      total 96256K, used 64129K [0x00000000f5580000, 0x0000000100000000, 0x0000000100000000)
  eden space 58880K, 100% used [0x00000000f5580000,0x00000000f8f00000,0x00000000f8f00000)
  from space 37376K, 14% used [0x00000000fdb80000,0x00000000fe0a0528,0x0000000100000000)
  to   space 57856K, 0% used [0x00000000f8f00000,0x00000000f8f00000,0x00000000fc780000)
 ParOldGen       total 349696K, used 102380K [0x00000000e0000000, 0x00000000f5580000, 0x00000000f5580000)
  object space 349696K, 29% used [0x00000000e0000000,0x00000000e63fb1b8,0x00000000f5580000)
 Metaspace       used 28179K, capacity 28680K, committed 29056K, reserved 1075200K
  class space    used 3244K, capacity 3418K, committed 3456K, reserved 1048576K
Event: 1957.709 GC heap after
Heap after GC invocations=8 (full 1):
 PSYoungGen      total 116736K, used 5075K [0x00000000f5580000, 0x0000000100000000, 0x0000000100000000)
  eden space 58880K, 0% used [0x00000000f5580000,0x00000000f5580000,0x00000000f8f00000)
  from space 57856K, 8% used [0x00000000f8f00000,0x00000000f93f4c00,0x00000000fc780000)
  to   space 57856K, 0% used [0x00000000fc780000,0x00000000fc780000,0x0000000100000000)
 ParOldGen       total 349696K, used 102380K [0x00000000e0000000, 0x00000000f5580000, 0x00000000f5580000)
  object space 349696K, 29% used [0x00000000e0000000,0x00000000e63fb1b8,0x00000000f5580000)
 Metaspace       used 28179K, capacity 28680K, committed 29056K, reserved 1075200K
  class space    used 3244K, capacity 3418K, committed 3456K, reserved 1048576K
}
Event: 2377.484 GC heap before
{Heap before GC invocations=9 (full 1):
 PSYoungGen      total 116736K, used 63955K [0x00000000f5580000, 0x0000000100000000, 0x0000000100000000)
  eden space 58880K, 100% used [0x00000000f5580000,0x00000000f8f00000,0x00000000f8f00000)
  from space 57856K, 8% used [0x00000000f8f00000,0x00000000f93f4c00,0x00000000fc780000)
  to   space 57856K, 0% used [0x00000000fc780000,0x00000000fc780000,0x0000000100000000)
 ParOldGen       total 349696K, used 102380K [0x00000000e0000000, 0x00000000f5580000, 0x00000000f5580000)
  object space 349696K, 29% used [0x00000000e0000000,0x00000000e63fb1b8,0x00000000f5580000)
 Metaspace       used 28224K, capacity 28744K, committed 29056K, reserved 1075200K
  class space    used 3244K, capacity 3418K, committed 3456K, reserved 1048576K
Event: 2377.553 GC heap after
Heap after GC invocations=9 (full 1):
 PSYoungGen      total 116736K, used 608K [0x00000000f5580000, 0x0000000100000000, 0x0000000100000000)
  eden space 58880K, 0% used [0x00000000f5580000,0x00000000f5580000,0x00000000f8f00000)
  from space 57856K, 1% used [0x00000000fc780000,0x00000000fc818000,0x0000000100000000)
  to   space 57856K, 0% used [0x00000000f8f00000,0x00000000f8f00000,0x00000000fc780000)
 ParOldGen       total 349696K, used 106994K [0x00000000e0000000, 0x00000000f5580000, 0x00000000f5580000)
  object space 349696K, 30% used [0x00000000e0000000,0x00000000e687c8d0,0x00000000f5580000)
 Metaspace       used 28224K, capacity 28744K, committed 29056K, reserved 1075200K
  class space    used 3244K, capacity 3418K, committed 3456K, reserved 1048576K
}
Event: 2797.913 GC heap before
{Heap before GC invocations=10 (full 1):
 PSYoungGen      total 116736K, used 59488K [0x00000000f5580000, 0x0000000100000000, 0x0000000100000000)
  eden space 58880K, 100% used [0x00000000f5580000,0x00000000f8f00000,0x00000000f8f00000)
  from space 57856K, 1% used [0x00000000fc780000,0x00000000fc818000,0x0000000100000000)
  to   space 57856K, 0% used [0x00000000f8f00000,0x00000000f8f00000,0x00000000fc780000)
 ParOldGen       total 349696K, used 106994K [0x00000000e0000000, 0x00000000f5580000, 0x00000000f5580000)
  object space 349696K, 30% used [0x00000000e0000000,0x00000000e687c8d0,0x00000000f5580000)
 Metaspace       used 28230K, capacity 28808K, committed 29056K, reserved 1075200K
  class space    used 3244K, capacity 3418K, committed 3456K, reserved 1048576K
Event: 2797.935 GC heap after
Heap after GC invocations=10 (full 1):
 PSYoungGen      total 116736K, used 608K [0x00000000f5580000, 0x0000000100000000, 0x0000000100000000)
  eden space 58880K, 0% used [0x00000000f5580000,0x00000000f5580000,0x00000000f8f00000)
  from space 57856K, 1% used [0x00000000f8f00000,0x00000000f8f98000,0x00000000fc780000)
  to   space 57856K, 0% used [0x00000000fc780000,0x00000000fc780000,0x0000000100000000)
 ParOldGen       total 349696K, used 107114K [0x00000000e0000000, 0x00000000f5580000, 0x00000000f5580000)
  object space 349696K, 30% used [0x00000000e0000000,0x00000000e689a8d0,0x00000000f5580000)
 Metaspace       used 28230K, capacity 28808K, committed 29056K, reserved 1075200K
  class space    used 3244K, capacity 3418K, committed 3456K, reserved 1048576K
}

