# JRE version: OpenJDK Runtime Environment (8.0_302-b07) (build 1.8.0_302-b07)
# Java VM: OpenJDK 64-Bit Server VM GraalVM CE 21.2.0 (25.302-b07-jvmci-21.2-b08 mixed mode linux-amd64 compressed oops)
Heap:
 PSYoungGen      total 140288K, used 92150K [0x00000000f5580000, 0x0000000100000000, 0x0000000100000000)
  eden space 103424K, 87% used [0x00000000f5580000,0x00000000fad6da28,0x00000000fba80000)
  from space 36864K, 5% used [0x00000000fdc00000,0x00000000fde10000,0x0000000100000000)
  to   space 34304K, 0% used [0x00000000fba80000,0x00000000fba80000,0x00000000fdc00000)
 ParOldGen       total 349696K, used 106444K [0x00000000e0000000, 0x00000000f5580000, 0x00000000f5580000)
  object space 349696K, 30% used [0x00000000e0000000,0x00000000e67f3248,0x00000000f5580000)
 Metaspace       used 27926K, capacity 28332K, committed 28800K, reserved 1075200K
  class space    used 3206K, capacity 3338K, committed 3456K, reserved 1048576K
GC Heap History (10 events):
Event: 4245.551 GC heap before
{Heap before GC invocations=23 (full 1):
 PSYoungGen      total 119808K, used 70432K [0x00000000f5580000, 0x0000000100000000, 0x0000000100000000)
  eden space 68608K, 100% used [0x00000000f5580000,0x00000000f9880000,0x00000000f9880000)
  from space 51200K, 3% used [0x00000000f9880000,0x00000000f9a48000,0x00000000fca80000)
  to   space 48128K, 0% used [0x00000000fd100000,0x00000000fd100000,0x0000000100000000)
 ParOldGen       total 349696K, used 106428K [0x00000000e0000000, 0x00000000f5580000, 0x00000000f5580000)
  object space 349696K, 30% used [0x00000000e0000000,0x00000000e67ef248,0x00000000f5580000)
 Metaspace       used 27888K, capacity 28332K, committed 28800K, reserved 1075200K
  class space    used 3206K, capacity 3338K, committed 3456K, reserved 1048576K
Event: 4245.559 GC heap after
Heap after GC invocations=23 (full 1):
 PSYoungGen      total 129536K, used 1280K [0x00000000f5580000, 0x0000000100000000, 0x0000000100000000)
  eden space 81408K, 0% used [0x00000000f5580000,0x00000000f5580000,0x00000000fa500000)
  from space 48128K, 2% used [0x00000000fd100000,0x00000000fd240000,0x0000000100000000)
  to   space 45056K, 0% used [0x00000000fa500000,0x00000000fa500000,0x00000000fd100000)
 ParOldGen       total 349696K, used 106428K [0x00000000e0000000, 0x00000000f5580000, 0x00000000f5580000)
  object space 349696K, 30% used [0x00000000e0000000,0x00000000e67ef248,0x00000000f5580000)
 Metaspace       used 27888K, capacity 28332K, committed 28800K, reserved 1075200K
  class space    used 3206K, capacity 3338K, committed 3456K, reserved 1048576K
}
Event: 4545.366 GC heap before
{Heap before GC invocations=24 (full 1):
 PSYoungGen      total 129536K, used 82688K [0x00000000f5580000, 0x0000000100000000, 0x0000000100000000)
  eden space 81408K, 100% used [0x00000000f5580000,0x00000000fa500000,0x00000000fa500000)
  from space 48128K, 2% used [0x00000000fd100000,0x00000000fd240000,0x0000000100000000)
  to   space 45056K, 0% used [0x00000000fa500000,0x00000000fa500000,0x00000000fd100000)
 ParOldGen       total 349696K, used 106428K [0x00000000e0000000, 0x00000000f5580000, 0x00000000f5580000)
  object space 349696K, 30% used [0x00000000e0000000,0x00000000e67ef248,0x00000000f5580000)
 Metaspace       used 27891K, capacity 28332K, committed 28800K, reserved 1075200K
  class space    used 3206K, capacity 3338K, committed 3456K, reserved 1048576K
Event: 4545.386 GC heap after
Heap after GC invocations=24 (full 1):
 PSYoungGen      total 126464K, used 2208K [0x00000000f5580000, 0x0000000100000000, 0x0000000100000000)
  eden space 81408K, 0% used [0x00000000f5580000,0x00000000f5580000,0x00000000fa500000)
  from space 45056K, 4% used [0x00000000fa500000,0x00000000fa728000,0x00000000fd100000)
  to   space 41984K, 0% used [0x00000000fd700000,0x00000000fd700000,0x0000000100000000)
 ParOldGen       total 349696K, used 106428K [0x00000000e0000000, 0x00000000f5580000, 0x00000000f5580000)
  object space 349696K, 30% used [0x00000000e0000000,0x00000000e67ef248,0x00000000f5580000)
 Metaspace       used 27891K, capacity 28332K, committed 28800K, reserved 1075200K
  class space    used 3206K, capacity 3338K, committed 3456K, reserved 1048576K
}
Event: 4844.749 GC heap before
{Heap before GC invocations=25 (full 1):
 PSYoungGen      total 126464K, used 83616K [0x00000000f5580000, 0x0000000100000000, 0x0000000100000000)
  eden space 81408K, 100% used [0x00000000f5580000,0x00000000fa500000,0x00000000fa500000)
  from space 45056K, 4% used [0x00000000fa500000,0x00000000fa728000,0x00000000fd100000)
  to   space 41984K, 0% used [0x00000000fd700000,0x00000000fd700000,0x0000000100000000)
 ParOldGen       total 349696K, used 106428K [0x00000000e0000000, 0x00000000f5580000, 0x00000000f5580000)
  object space 349696K, 30% used [0x00000000e0000000,0x00000000e67ef248,0x00000000f5580000)
 Metaspace       used 27910K, capacity 28332K, committed 28800K, reserved 1075200K
  class space    used 3206K, capacity 3338K, committed 3456K, reserved 1048576K
Event: 4844.764 GC heap after
Heap after GC invocations=25 (full 1):
 PSYoungGen      total 135168K, used 1088K [0x00000000f5580000, 0x0000000100000000, 0x0000000100000000)
  eden space 93184K, 0% used [0x00000000f5580000,0x00000000f5580000,0x00000000fb080000)
  from space 41984K, 2% used [0x00000000fd700000,0x00000000fd810000,0x0000000100000000)
  to   space 39424K, 0% used [0x00000000fb080000,0x00000000fb080000,0x00000000fd700000)
 ParOldGen       total 349696K, used 106436K [0x00000000e0000000, 0x00000000f5580000, 0x00000000f5580000)
  object space 349696K, 30% used [0x00000000e0000000,0x00000000e67f1248,0x00000000f5580000)
 Metaspace       used 27910K, capacity 28332K, committed 28800K, reserved 1075200K
  class space    used 3206K, capacity 3338K, committed 3456K, reserved 1048576K
}
Event: 5160.897 GC heap before
{Heap before GC invocations=26 (full 1):
 PSYoungGen      total 135168K, used 94272K [0x00000000f5580000, 0x0000000100000000, 0x0000000100000000)
  eden space 93184K, 100% used [0x00000000f5580000,0x00000000fb080000,0x00000000fb080000)
  from space 41984K, 2% used [0x00000000fd700000,0x00000000fd810000,0x0000000100000000)
  to   space 39424K, 0% used [0x00000000fb080000,0x00000000fb080000,0x00000000fd700000)
 ParOldGen       total 349696K, used 106436K [0x00000000e0000000, 0x00000000f5580000, 0x00000000f5580000)
  object space 349696K, 30% used [0x00000000e0000000,0x00000000e67f1248,0x00000000f5580000)
 Metaspace       used 27912K, capacity 28332K, committed 28800K, reserved 1075200K
  class space    used 3206K, capacity 3338K, committed 3456K, reserved 1048576K
Event: 5160.907 GC heap after
Heap after GC invocations=26 (full 1):
 PSYoungGen      total 132608K, used 320K [0x00000000f5580000, 0x0000000100000000, 0x0000000100000000)
  eden space 93184K, 0% used [0x00000000f5580000,0x00000000f5580000,0x00000000fb080000)
  from space 39424K, 0% used [0x00000000fb080000,0x00000000fb0d0000,0x00000000fd700000)
  to   space 36864K, 0% used [0x00000000fdc00000,0x00000000fdc00000,0x0000000100000000)
 ParOldGen       total 349696K, used 106436K [0x00000000e0000000, 0x00000000f5580000, 0x00000000f5580000)
  object space 349696K, 30% used [0x00000000e0000000,0x00000000e67f1248,0x00000000f5580000)
 Metaspace       used 27912K, capacity 28332K, committed 28800K, reserved 1075200K
  class space    used 3206K, capacity 3338K, committed 3456K, reserved 1048576K
}
Event: 5504.976 GC heap before
{Heap before GC invocations=27 (full 1):
 PSYoungGen      total 132608K, used 93504K [0x00000000f5580000, 0x0000000100000000, 0x0000000100000000)
  eden space 93184K, 100% used [0x00000000f5580000,0x00000000fb080000,0x00000000fb080000)
  from space 39424K, 0% used [0x00000000fb080000,0x00000000fb0d0000,0x00000000fd700000)
  to   space 36864K, 0% used [0x00000000fdc00000,0x00000000fdc00000,0x0000000100000000)
 ParOldGen       total 349696K, used 106436K [0x00000000e0000000, 0x00000000f5580000, 0x00000000f5580000)
  object space 349696K, 30% used [0x00000000e0000000,0x00000000e67f1248,0x00000000f5580000)
 Metaspace       used 27920K, capacity 28332K, committed 28800K, reserved 1075200K
  class space    used 3206K, capacity 3338K, committed 3456K, reserved 1048576K
Event: 5505.006 GC heap after
Heap after GC invocations=27 (full 1):
 PSYoungGen      total 140288K, used 2112K [0x00000000f5580000, 0x0000000100000000, 0x0000000100000000)
  eden space 103424K, 0% used [0x00000000f5580000,0x00000000f5580000,0x00000000fba80000)
  from space 36864K, 5% used [0x00000000fdc00000,0x00000000fde10000,0x0000000100000000)
  to   space 34304K, 0% used [0x00000000fba80000,0x00000000fba80000,0x00000000fdc00000)
 ParOldGen       total 349696K, used 106444K [0x00000000e0000000, 0x00000000f5580000, 0x00000000f5580000)
  object space 349696K, 30% used [0x00000000e0000000,0x00000000e67f3248,0x00000000f5580000)
 Metaspace       used 27920K, capacity 28332K, committed 28800K, reserved 1075200K
  class space    used 3206K, capacity 3338K, committed 3456K, reserved 1048576K
}

