# JRE version: OpenJDK Runtime Environment (8.0_302-b07) (build 1.8.0_302-b07)
# Java VM: OpenJDK 64-Bit Server VM GraalVM CE 21.2.0 (25.302-b07-jvmci-21.2-b08 mixed mode linux-amd64 compressed oops)
Heap:
 PSYoungGen      total 116736K, used 60736K [0x00000000f5580000, 0x0000000100000000, 0x0000000100000000)
  eden space 58880K, 100% used [0x00000000f5580000,0x00000000f8f00000,0x00000000f8f00000)
  from space 57856K, 3% used [0x00000000fc780000,0x00000000fc950000,0x0000000100000000)
  to   space 57856K, 0% used [0x00000000f8f00000,0x00000000f8f00000,0x00000000fc780000)
 ParOldGen       total 349696K, used 107707K [0x00000000e0000000, 0x00000000f5580000, 0x00000000f5580000)
  object space 349696K, 30% used [0x00000000e0000000,0x00000000e692ee78,0x00000000f5580000)
 Metaspace       used 27871K, capacity 28318K, committed 28800K, reserved 1075200K
  class space    used 3209K, capacity 3373K, committed 3456K, reserved 1048576K
GC Heap History (10 events):
Event: 764.488 GC heap before
{Heap before GC invocations=11 (full 1):
 PSYoungGen      total 116736K, used 59104K [0x00000000f5580000, 0x0000000100000000, 0x0000000100000000)
  eden space 58880K, 100% used [0x00000000f5580000,0x00000000f8f00000,0x00000000f8f00000)
  from space 57856K, 0% used [0x00000000f8f00000,0x00000000f8f38000,0x00000000fc780000)
  to   space 57856K, 0% used [0x00000000fc780000,0x00000000fc780000,0x0000000100000000)
 ParOldGen       total 349696K, used 107619K [0x00000000e0000000, 0x00000000f5580000, 0x00000000f5580000)
  object space 349696K, 30% used [0x00000000e0000000,0x00000000e6918e78,0x00000000f5580000)
 Metaspace       used 27844K, capacity 28318K, committed 28800K, reserved 1075200K
  class space    used 3209K, capacity 3373K, committed 3456K, reserved 1048576K
Event: 764.500 GC heap after
Heap after GC invocations=11 (full 1):
 PSYoungGen      total 116736K, used 1920K [0x00000000f5580000, 0x0000000100000000, 0x0000000100000000)
  eden space 58880K, 0% used [0x00000000f5580000,0x00000000f5580000,0x00000000f8f00000)
  from space 57856K, 3% used [0x00000000fc780000,0x00000000fc960000,0x0000000100000000)
  to   space 57856K, 0% used [0x00000000f8f00000,0x00000000f8f00000,0x00000000fc780000)
 ParOldGen       total 349696K, used 107643K [0x00000000e0000000, 0x00000000f5580000, 0x00000000f5580000)
  object space 349696K, 30% used [0x00000000e0000000,0x00000000e691ee78,0x00000000f5580000)
 Metaspace       used 27844K, capacity 28318K, committed 28800K, reserved 1075200K
  class space    used 3209K, capacity 3373K, committed 3456K, reserved 1048576K
}
Event: 871.719 GC heap before
{Heap before GC invocations=12 (full 1):
 PSYoungGen      total 116736K, used 60800K [0x00000000f5580000, 0x0000000100000000, 0x0000000100000000)
  eden space 58880K, 100% used [0x00000000f5580000,0x00000000f8f00000,0x00000000f8f00000)
  from space 57856K, 3% used [0x00000000fc780000,0x00000000fc960000,0x0000000100000000)
  to   space 57856K, 0% used [0x00000000f8f00000,0x00000000f8f00000,0x00000000fc780000)
 ParOldGen       total 349696K, used 107643K [0x00000000e0000000, 0x00000000f5580000, 0x00000000f5580000)
  object space 349696K, 30% used [0x00000000e0000000,0x00000000e691ee78,0x00000000f5580000)
 Metaspace       used 27848K, capacity 28318K, committed 28800K, reserved 1075200K
  class space    used 3209K, capacity 3373K, committed 3456K, reserved 1048576K
Event: 871.728 GC heap after
Heap after GC invocations=12 (full 1):
 PSYoungGen      total 116736K, used 128K [0x00000000f5580000, 0x0000000100000000, 0x0000000100000000)
  eden space 58880K, 0% used [0x00000000f5580000,0x00000000f5580000,0x00000000f8f00000)
  from space 57856K, 0% used [0x00000000f8f00000,0x00000000f8f20000,0x00000000fc780000)
  to   space 57856K, 0% used [0x00000000fc780000,0x00000000fc780000,0x0000000100000000)
 ParOldGen       total 349696K, used 107659K [0x00000000e0000000, 0x00000000f5580000, 0x00000000f5580000)
  object space 349696K, 30% used [0x00000000e0000000,0x00000000e6922e78,0x00000000f5580000)
 Metaspace       used 27848K, capacity 28318K, committed 28800K, reserved 1075200K
  class space    used 3209K, capacity 3373K, committed 3456K, reserved 1048576K
}
Event: 967.718 GC heap before
{Heap before GC invocations=13 (full 1):
 PSYoungGen      total 116736K, used 59008K [0x00000000f5580000, 0x0000000100000000, 0x0000000100000000)
  eden space 58880K, 100% used [0x00000000f5580000,0x00000000f8f00000,0x00000000f8f00000)
  from space 57856K, 0% used [0x00000000f8f00000,0x00000000f8f20000,0x00000000fc780000)
  to   space 57856K, 0% used [0x00000000fc780000,0x00000000fc780000,0x0000000100000000)
 ParOldGen       total 349696K, used 107659K [0x00000000e0000000, 0x00000000f5580000, 0x00000000f5580000)
  object space 349696K, 30% used [0x00000000e0000000,0x00000000e6922e78,0x00000000f5580000)
 Metaspace       used 27861K, capacity 28318K, committed 28800K, reserved 1075200K
  class space    used 3209K, capacity 3373K, committed 3456K, reserved 1048576K
Event: 967.722 GC heap after
Heap after GC invocations=13 (full 1):
 PSYoungGen      total 116736K, used 288K [0x00000000f5580000, 0x0000000100000000, 0x0000000100000000)
  eden space 58880K, 0% used [0x00000000f5580000,0x00000000f5580000,0x00000000f8f00000)
  from space 57856K, 0% used [0x00000000fc780000,0x00000000fc7c8000,0x0000000100000000)
  to   space 57856K, 0% used [0x00000000f8f00000,0x00000000f8f00000,0x00000000fc780000)
 ParOldGen       total 349696K, used 107667K [0x00000000e0000000, 0x00000000f5580000, 0x00000000f5580000)
  object space 349696K, 30% used [0x00000000e0000000,0x00000000e6924e78,0x00000000f5580000)
 Metaspace       used 27861K, capacity 28318K, committed 28800K, reserved 1075200K
  class space    used 3209K, capacity 3373K, committed 3456K, reserved 1048576K
}
Event: 1070.170 GC heap before
{Heap before GC invocations=14 (full 1):
 PSYoungGen      total 116736K, used 59168K [0x00000000f5580000, 0x0000000100000000, 0x0000000100000000)
  eden space 58880K, 100% used [0x00000000f5580000,0x00000000f8f00000,0x00000000f8f00000)
  from space 57856K, 0% used [0x00000000fc780000,0x00000000fc7c8000,0x0000000100000000)
  to   space 57856K, 0% used [0x00000000f8f00000,0x00000000f8f00000,0x00000000fc780000)
 ParOldGen       total 349696K, used 107667K [0x00000000e0000000, 0x00000000f5580000, 0x00000000f5580000)
  object space 349696K, 30% used [0x00000000e0000000,0x00000000e6924e78,0x00000000f5580000)
 Metaspace       used 27863K, capacity 28318K, committed 28800K, reserved 1075200K
  class space    used 3209K, capacity 3373K, committed 3456K, reserved 1048576K
Event: 1070.176 GC heap after
Heap after GC invocations=14 (full 1):
 PSYoungGen      total 116736K, used 192K [0x00000000f5580000, 0x0000000100000000, 0x0000000100000000)
  eden space 58880K, 0% used [0x00000000f5580000,0x00000000f5580000,0x00000000f8f00000)
  from space 57856K, 0% used [0x00000000f8f00000,0x00000000f8f30000,0x00000000fc780000)
  to   space 57856K, 0% used [0x00000000fc780000,0x00000000fc780000,0x0000000100000000)
 ParOldGen       total 349696K, used 107691K [0x00000000e0000000, 0x00000000f5580000, 0x00000000f5580000)
  object space 349696K, 30% used [0x00000000e0000000,0x00000000e692ae78,0x00000000f5580000)
 Metaspace       used 27863K, capacity 28318K, committed 28800K, reserved 1075200K
  class space    used 3209K, capacity 3373K, committed 3456K, reserved 1048576K
}
Event: 1184.567 GC heap before
{Heap before GC invocations=15 (full 1):
 PSYoungGen      total 116736K, used 59072K [0x00000000f5580000, 0x0000000100000000, 0x0000000100000000)
  eden space 58880K, 100% used [0x00000000f5580000,0x00000000f8f00000,0x00000000f8f00000)
  from space 57856K, 0% used [0x00000000f8f00000,0x00000000f8f30000,0x00000000fc780000)
  to   space 57856K, 0% used [0x00000000fc780000,0x00000000fc780000,0x0000000100000000)
 ParOldGen       total 349696K, used 107691K [0x00000000e0000000, 0x00000000f5580000, 0x00000000f5580000)
  object space 349696K, 30% used [0x00000000e0000000,0x00000000e692ae78,0x00000000f5580000)
 Metaspace       used 27866K, capacity 28318K, committed 28800K, reserved 1075200K
  class space    used 3209K, capacity 3373K, committed 3456K, reserved 1048576K
Event: 1184.603 GC heap after
Heap after GC invocations=15 (full 1):
 PSYoungGen      total 116736K, used 1856K [0x00000000f5580000, 0x0000000100000000, 0x0000000100000000)
  eden space 58880K, 0% used [0x00000000f5580000,0x00000000f5580000,0x00000000f8f00000)
  from space 57856K, 3% used [0x00000000fc780000,0x00000000fc950000,0x0000000100000000)
  to   space 57856K, 0% used [0x00000000f8f00000,0x00000000f8f00000,0x00000000fc780000)
 ParOldGen       total 349696K, used 107707K [0x00000000e0000000, 0x00000000f5580000, 0x00000000f5580000)
  object space 349696K, 30% used [0x00000000e0000000,0x00000000e692ee78,0x00000000f5580000)
 Metaspace       used 27866K, capacity 28318K, committed 28800K, reserved 1075200K
  class space    used 3209K, capacity 3373K, committed 3456K, reserved 1048576K
}

