# JRE version: OpenJDK Runtime Environment (8.0_302-b07) (build 1.8.0_302-b07)
# Java VM: OpenJDK 64-Bit Server VM GraalVM CE 21.2.0 (25.302-b07-jvmci-21.2-b08 mixed mode linux-amd64 compressed oops)
Heap:
 PSYoungGen      total 7168K, used 632K [0x00000000ff580000, 0x0000000100000000, 0x0000000100000000)
  eden space 3584K, 12% used [0x00000000ff580000,0x00000000ff5ee1f8,0x00000000ff900000)
  from space 3584K, 5% used [0x00000000ff900000,0x00000000ff930020,0x00000000ffc80000)
  to   space 3584K, 0% used [0x00000000ffc80000,0x00000000ffc80000,0x0000000100000000)
 ParOldGen       total 22016K, used 7482K [0x00000000fe000000, 0x00000000ff580000, 0x00000000ff580000)
  object space 22016K, 33% used [0x00000000fe000000,0x00000000fe74eae0,0x00000000ff580000)
 Metaspace       used 21419K, capacity 21622K, committed 22016K, reserved 1069056K
  class space    used 2394K, capacity 2497K, committed 2560K, reserved 1048576K
GC Heap History (10 events):
Event: 3652.675 GC heap before
{Heap before GC invocations=12 (full 1):
 PSYoungGen      total 7168K, used 3792K [0x00000000ff580000, 0x0000000100000000, 0x0000000100000000)
  eden space 3584K, 100% used [0x00000000ff580000,0x00000000ff900000,0x00000000ff900000)
  from space 3584K, 5% used [0x00000000ffc80000,0x00000000ffcb4030,0x0000000100000000)
  to   space 3584K, 0% used [0x00000000ff900000,0x00000000ff900000,0x00000000ffc80000)
 ParOldGen       total 22016K, used 7114K [0x00000000fe000000, 0x00000000ff580000, 0x00000000ff580000)
  object space 22016K, 32% used [0x00000000fe000000,0x00000000fe6f29c0,0x00000000ff580000)
 Metaspace       used 21274K, capacity 21488K, committed 21760K, reserved 1069056K
  class space    used 2393K, capacity 2496K, committed 2560K, reserved 1048576K
Event: 3652.689 GC heap after
Heap after GC invocations=12 (full 1):
 PSYoungGen      total 7168K, used 240K [0x00000000ff580000, 0x0000000100000000, 0x0000000100000000)
  eden space 3584K, 0% used [0x00000000ff580000,0x00000000ff580000,0x00000000ff900000)
  from space 3584K, 6% used [0x00000000ff900000,0x00000000ff93c030,0x00000000ffc80000)
  to   space 3584K, 0% used [0x00000000ffc80000,0x00000000ffc80000,0x0000000100000000)
 ParOldGen       total 22016K, used 7158K [0x00000000fe000000, 0x00000000ff580000, 0x00000000ff580000)
  object space 22016K, 32% used [0x00000000fe000000,0x00000000fe6fd9d0,0x00000000ff580000)
 Metaspace       used 21274K, capacity 21488K, committed 21760K, reserved 1069056K
  class space    used 2393K, capacity 2496K, committed 2560K, reserved 1048576K
}
Event: 4552.017 GC heap before
{Heap before GC invocations=13 (full 1):
 PSYoungGen      total 7168K, used 3824K [0x00000000ff580000, 0x0000000100000000, 0x0000000100000000)
  eden space 3584K, 100% used [0x00000000ff580000,0x00000000ff900000,0x00000000ff900000)
  from space 3584K, 6% used [0x00000000ff900000,0x00000000ff93c030,0x00000000ffc80000)
  to   space 3584K, 0% used [0x00000000ffc80000,0x00000000ffc80000,0x0000000100000000)
 ParOldGen       total 22016K, used 7158K [0x00000000fe000000, 0x00000000ff580000, 0x00000000ff580000)
  object space 22016K, 32% used [0x00000000fe000000,0x00000000fe6fd9d0,0x00000000ff580000)
 Metaspace       used 21294K, capacity 21552K, committed 22016K, reserved 1069056K
  class space    used 2393K, capacity 2496K, committed 2560K, reserved 1048576K
Event: 4552.024 GC heap after
Heap after GC invocations=13 (full 1):
 PSYoungGen      total 7168K, used 192K [0x00000000ff580000, 0x0000000100000000, 0x0000000100000000)
  eden space 3584K, 0% used [0x00000000ff580000,0x00000000ff580000,0x00000000ff900000)
  from space 3584K, 5% used [0x00000000ffc80000,0x00000000ffcb0020,0x0000000100000000)
  to   space 3584K, 0% used [0x00000000ff900000,0x00000000ff900000,0x00000000ffc80000)
 ParOldGen       total 22016K, used 7266K [0x00000000fe000000, 0x00000000ff580000, 0x00000000ff580000)
  object space 22016K, 33% used [0x00000000fe000000,0x00000000fe718a20,0x00000000ff580000)
 Metaspace       used 21294K, capacity 21552K, committed 22016K, reserved 1069056K
  class space    used 2393K, capacity 2496K, committed 2560K, reserved 1048576K
}
Event: 4552.593 GC heap before
{Heap before GC invocations=14 (full 1):
 PSYoungGen      total 7168K, used 3776K [0x00000000ff580000, 0x0000000100000000, 0x0000000100000000)
  eden space 3584K, 100% used [0x00000000ff580000,0x00000000ff900000,0x00000000ff900000)
  from space 3584K, 5% used [0x00000000ffc80000,0x00000000ffcb0020,0x0000000100000000)
  to   space 3584K, 0% used [0x00000000ff900000,0x00000000ff900000,0x00000000ffc80000)
 ParOldGen       total 22016K, used 7266K [0x00000000fe000000, 0x00000000ff580000, 0x00000000ff580000)
  object space 22016K, 33% used [0x00000000fe000000,0x00000000fe718a20,0x00000000ff580000)
 Metaspace       used 21311K, capacity 21552K, committed 22016K, reserved 1069056K
  class space    used 2393K, capacity 2496K, committed 2560K, reserved 1048576K
Event: 4552.598 GC heap after
Heap after GC invocations=14 (full 1):
 PSYoungGen      total 7168K, used 208K [0x00000000ff580000, 0x0000000100000000, 0x0000000100000000)
  eden space 3584K, 0% used [0x00000000ff580000,0x00000000ff580000,0x00000000ff900000)
  from space 3584K, 5% used [0x00000000ff900000,0x00000000ff934030,0x00000000ffc80000)
  to   space 3584K, 0% used [0x00000000ffc80000,0x00000000ffc80000,0x0000000100000000)
 ParOldGen       total 22016K, used 7338K [0x00000000fe000000, 0x00000000ff580000, 0x00000000ff580000)
  object space 22016K, 33% used [0x00000000fe000000,0x00000000fe72aa50,0x00000000ff580000)
 Metaspace       used 21311K, capacity 21552K, committed 22016K, reserved 1069056K
  class space    used 2393K, capacity 2496K, committed 2560K, reserved 1048576K
}
Event: 5462.284 GC heap before
{Heap before GC invocations=15 (full 1):
 PSYoungGen      total 7168K, used 3792K [0x00000000ff580000, 0x0000000100000000, 0x0000000100000000)
  eden space 3584K, 100% used [0x00000000ff580000,0x00000000ff900000,0x00000000ff900000)
  from space 3584K, 5% used [0x00000000ff900000,0x00000000ff934030,0x00000000ffc80000)
  to   space 3584K, 0% used [0x00000000ffc80000,0x00000000ffc80000,0x0000000100000000)
 ParOldGen       total 22016K, used 7338K [0x00000000fe000000, 0x00000000ff580000, 0x00000000ff580000)
  object space 22016K, 33% used [0x00000000fe000000,0x00000000fe72aa50,0x00000000ff580000)
 Metaspace       used 21367K, capacity 21616K, committed 22016K, reserved 1069056K
  class space    used 2393K, capacity 2496K, committed 2560K, reserved 1048576K
Event: 5462.378 GC heap after
Heap after GC invocations=15 (full 1):
 PSYoungGen      total 7168K, used 224K [0x00000000ff580000, 0x0000000100000000, 0x0000000100000000)
  eden space 3584K, 0% used [0x00000000ff580000,0x00000000ff580000,0x00000000ff900000)
  from space 3584K, 6% used [0x00000000ffc80000,0x00000000ffcb8020,0x0000000100000000)
  to   space 3584K, 0% used [0x00000000ff900000,0x00000000ff900000,0x00000000ffc80000)
 ParOldGen       total 22016K, used 7406K [0x00000000fe000000, 0x00000000ff580000, 0x00000000ff580000)
  object space 22016K, 33% used [0x00000000fe000000,0x00000000fe73baa0,0x00000000ff580000)
 Metaspace       used 21367K, capacity 21616K, committed 22016K, reserved 1069056K
  class space    used 2393K, capacity 2496K, committed 2560K, reserved 1048576K
}
Event: 5462.884 GC heap before
{Heap before GC invocations=16 (full 1):
 PSYoungGen      total 7168K, used 3808K [0x00000000ff580000, 0x0000000100000000, 0x0000000100000000)
  eden space 3584K, 100% used [0x00000000ff580000,0x00000000ff900000,0x00000000ff900000)
  from space 3584K, 6% used [0x00000000ffc80000,0x00000000ffcb8020,0x0000000100000000)
  to   space 3584K, 0% used [0x00000000ff900000,0x00000000ff900000,0x00000000ffc80000)
 ParOldGen       total 22016K, used 7406K [0x00000000fe000000, 0x00000000ff580000, 0x00000000ff580000)
  object space 22016K, 33% used [0x00000000fe000000,0x00000000fe73baa0,0x00000000ff580000)
 Metaspace       used 21417K, capacity 21622K, committed 22016K, reserved 1069056K
  class space    used 2394K, capacity 2497K, committed 2560K, reserved 1048576K
Event: 5462.975 GC heap after
Heap after GC invocations=16 (full 1):
 PSYoungGen      total 7168K, used 192K [0x00000000ff580000, 0x0000000100000000, 0x0000000100000000)
  eden space 3584K, 0% used [0x00000000ff580000,0x00000000ff580000,0x00000000ff900000)
  from space 3584K, 5% used [0x00000000ff900000,0x00000000ff930020,0x00000000ffc80000)
  to   space 3584K, 0% used [0x00000000ffc80000,0x00000000ffc80000,0x0000000100000000)
 ParOldGen       total 22016K, used 7482K [0x00000000fe000000, 0x00000000ff580000, 0x00000000ff580000)
  object space 22016K, 33% used [0x00000000fe000000,0x00000000fe74eae0,0x00000000ff580000)
 Metaspace       used 21417K, capacity 21622K, committed 22016K, reserved 1069056K
  class space    used 2394K, capacity 2497K, committed 2560K, reserved 1048576K
}

