# JRE version: OpenJDK Runtime Environment (8.0_302-b07) (build 1.8.0_302-b07)
# Java VM: OpenJDK 64-Bit Server VM GraalVM CE 21.2.0 (25.302-b07-jvmci-21.2-b08 mixed mode linux-amd64 compressed oops)
Heap:
 PSYoungGen      total 7168K, used 3611K [0x00000000ff580000, 0x0000000100000000, 0x0000000100000000)
  eden space 3584K, 87% used [0x00000000ff580000,0x00000000ff892e48,0x00000000ff900000)
  from space 3584K, 12% used [0x00000000ff900000,0x00000000ff974030,0x00000000ffc80000)
  to   space 3584K, 0% used [0x00000000ffc80000,0x00000000ffc80000,0x0000000100000000)
 ParOldGen       total 22016K, used 7500K [0x00000000fe000000, 0x00000000ff580000, 0x00000000ff580000)
  object space 22016K, 34% used [0x00000000fe000000,0x00000000fe753320,0x00000000ff580000)
 Metaspace       used 21224K, capacity 21492K, committed 22016K, reserved 1069056K
  class space    used 2391K, capacity 2494K, committed 2560K, reserved 1048576K
GC Heap History (10 events):
Event: 1634.639 GC heap before
{Heap before GC invocations=6 (full 0):
 PSYoungGen      total 9728K, used 5675K [0x00000000ff580000, 0x0000000100000000, 0x0000000100000000)
  eden space 8704K, 53% used [0x00000000ff580000,0x00000000ffa0ee80,0x00000000ffe00000)
  from space 1024K, 98% used [0x00000000ffe00000,0x00000000ffefc010,0x00000000fff00000)
  to   space 1024K, 0% used [0x00000000fff00000,0x00000000fff00000,0x0000000100000000)
 ParOldGen       total 22016K, used 7772K [0x00000000fe000000, 0x00000000ff580000, 0x00000000ff580000)
  object space 22016K, 35% used [0x00000000fe000000,0x00000000fe797288,0x00000000ff580000)
 Metaspace       used 20638K, capacity 20936K, committed 21248K, reserved 1069056K
  class space    used 2356K, capacity 2474K, committed 2560K, reserved 1048576K
Event: 1634.682 GC heap after
Heap after GC invocations=6 (full 0):
 PSYoungGen      total 4608K, used 1024K [0x00000000ff580000, 0x0000000100000000, 0x0000000100000000)
  eden space 3584K, 0% used [0x00000000ff580000,0x00000000ff580000,0x00000000ff900000)
  from space 1024K, 100% used [0x00000000fff00000,0x0000000100000000,0x0000000100000000)
  to   space 3584K, 0% used [0x00000000ff900000,0x00000000ff900000,0x00000000ffc80000)
 ParOldGen       total 22016K, used 8377K [0x00000000fe000000, 0x00000000ff580000, 0x00000000ff580000)
  object space 22016K, 38% used [0x00000000fe000000,0x00000000fe82e5d0,0x00000000ff580000)
 Metaspace       used 20638K, capacity 20936K, committed 21248K, reserved 1069056K
  class space    used 2356K, capacity 2474K, committed 2560K, reserved 1048576K
}
Event: 1634.684 GC heap before
{Heap before GC invocations=7 (full 1):
 PSYoungGen      total 4608K, used 1024K [0x00000000ff580000, 0x0000000100000000, 0x0000000100000000)
  eden space 3584K, 0% used [0x00000000ff580000,0x00000000ff580000,0x00000000ff900000)
  from space 1024K, 100% used [0x00000000fff00000,0x0000000100000000,0x0000000100000000)
  to   space 3584K, 0% used [0x00000000ff900000,0x00000000ff900000,0x00000000ffc80000)
 ParOldGen       total 22016K, used 8377K [0x00000000fe000000, 0x00000000ff580000, 0x00000000ff580000)
  object space 22016K, 38% used [0x00000000fe000000,0x00000000fe82e5d0,0x00000000ff580000)
 Metaspace       used 20638K, capacity 20936K, committed 21248K, reserved 1069056K
  class space    used 2356K, capacity 2474K, committed 2560K, reserved 1048576K
Event: 1634.976 GC heap after
Heap after GC invocations=7 (full 1):
 PSYoungGen      total 4608K, used 0K [0x00000000ff580000, 0x0000000100000000, 0x0000000100000000)
  eden space 3584K, 0% used [0x00000000ff580000,0x00000000ff580000,0x00000000ff900000)
  from space 1024K, 0% used [0x00000000fff00000,0x00000000fff00000,0x0000000100000000)
  to   space 3584K, 0% used [0x00000000ff900000,0x00000000ff900000,0x00000000ffc80000)
 ParOldGen       total 22016K, used 7476K [0x00000000fe000000, 0x00000000ff580000, 0x00000000ff580000)
  object space 22016K, 33% used [0x00000000fe000000,0x00000000fe74d320,0x00000000ff580000)
 Metaspace       used 20598K, capacity 20872K, committed 21248K, reserved 1069056K
  class space    used 2348K, capacity 2460K, committed 2560K, reserved 1048576K
}
Event: 1829.274 GC heap before
{Heap before GC invocations=8 (full 1):
 PSYoungGen      total 4608K, used 3584K [0x00000000ff580000, 0x0000000100000000, 0x0000000100000000)
  eden space 3584K, 100% used [0x00000000ff580000,0x00000000ff900000,0x00000000ff900000)
  from space 1024K, 0% used [0x00000000fff00000,0x00000000fff00000,0x0000000100000000)
  to   space 3584K, 0% used [0x00000000ff900000,0x00000000ff900000,0x00000000ffc80000)
 ParOldGen       total 22016K, used 7476K [0x00000000fe000000, 0x00000000ff580000, 0x00000000ff580000)
  object space 22016K, 33% used [0x00000000fe000000,0x00000000fe74d320,0x00000000ff580000)
 Metaspace       used 21051K, capacity 21352K, committed 21760K, reserved 1069056K
  class space    used 2389K, capacity 2492K, committed 2560K, reserved 1048576K
Event: 1829.277 GC heap after
Heap after GC invocations=8 (full 1):
 PSYoungGen      total 7168K, used 376K [0x00000000ff580000, 0x0000000100000000, 0x0000000100000000)
  eden space 3584K, 0% used [0x00000000ff580000,0x00000000ff580000,0x00000000ff900000)
  from space 3584K, 10% used [0x00000000ff900000,0x00000000ff95e0f8,0x00000000ffc80000)
  to   space 3584K, 0% used [0x00000000ffc80000,0x00000000ffc80000,0x0000000100000000)
 ParOldGen       total 22016K, used 7484K [0x00000000fe000000, 0x00000000ff580000, 0x00000000ff580000)
  object space 22016K, 33% used [0x00000000fe000000,0x00000000fe74f320,0x00000000ff580000)
 Metaspace       used 21051K, capacity 21352K, committed 21760K, reserved 1069056K
  class space    used 2389K, capacity 2492K, committed 2560K, reserved 1048576K
}
Event: 1830.079 GC heap before
{Heap before GC invocations=9 (full 1):
 PSYoungGen      total 7168K, used 3953K [0x00000000ff580000, 0x0000000100000000, 0x0000000100000000)
  eden space 3584K, 99% used [0x00000000ff580000,0x00000000ff8fe510,0x00000000ff900000)
  from space 3584K, 10% used [0x00000000ff900000,0x00000000ff95e0f8,0x00000000ffc80000)
  to   space 3584K, 0% used [0x00000000ffc80000,0x00000000ffc80000,0x0000000100000000)
 ParOldGen       total 22016K, used 7484K [0x00000000fe000000, 0x00000000ff580000, 0x00000000ff580000)
  object space 22016K, 33% used [0x00000000fe000000,0x00000000fe74f320,0x00000000ff580000)
 Metaspace       used 21128K, capacity 21364K, committed 21760K, reserved 1069056K
  class space    used 2391K, capacity 2494K, committed 2560K, reserved 1048576K
Event: 1830.086 GC heap after
Heap after GC invocations=9 (full 1):
 PSYoungGen      total 7168K, used 352K [0x00000000ff580000, 0x0000000100000000, 0x0000000100000000)
  eden space 3584K, 0% used [0x00000000ff580000,0x00000000ff580000,0x00000000ff900000)
  from space 3584K, 9% used [0x00000000ffc80000,0x00000000ffcd8020,0x0000000100000000)
  to   space 3584K, 0% used [0x00000000ff900000,0x00000000ff900000,0x00000000ffc80000)
 ParOldGen       total 22016K, used 7492K [0x00000000fe000000, 0x00000000ff580000, 0x00000000ff580000)
  object space 22016K, 34% used [0x00000000fe000000,0x00000000fe751320,0x00000000ff580000)
 Metaspace       used 21128K, capacity 21364K, committed 21760K, reserved 1069056K
  class space    used 2391K, capacity 2494K, committed 2560K, reserved 1048576K
}
Event: 2739.387 GC heap before
{Heap before GC invocations=10 (full 1):
 PSYoungGen      total 7168K, used 3936K [0x00000000ff580000, 0x0000000100000000, 0x0000000100000000)
  eden space 3584K, 100% used [0x00000000ff580000,0x00000000ff900000,0x00000000ff900000)
  from space 3584K, 9% used [0x00000000ffc80000,0x00000000ffcd8020,0x0000000100000000)
  to   space 3584K, 0% used [0x00000000ff900000,0x00000000ff900000,0x00000000ffc80000)
 ParOldGen       total 22016K, used 7492K [0x00000000fe000000, 0x00000000ff580000, 0x00000000ff580000)
  object space 22016K, 34% used [0x00000000fe000000,0x00000000fe751320,0x00000000ff580000)
 Metaspace       used 21188K, capacity 21492K, committed 22016K, reserved 1069056K
  class space    used 2391K, capacity 2494K, committed 2560K, reserved 1048576K
Event: 2739.417 GC heap after
Heap after GC invocations=10 (full 1):
 PSYoungGen      total 7168K, used 464K [0x00000000ff580000, 0x0000000100000000, 0x0000000100000000)
  eden space 3584K, 0% used [0x00000000ff580000,0x00000000ff580000,0x00000000ff900000)
  from space 3584K, 12% used [0x00000000ff900000,0x00000000ff974030,0x00000000ffc80000)
  to   space 3584K, 0% used [0x00000000ffc80000,0x00000000ffc80000,0x0000000100000000)
 ParOldGen       total 22016K, used 7500K [0x00000000fe000000, 0x00000000ff580000, 0x00000000ff580000)
  object space 22016K, 34% used [0x00000000fe000000,0x00000000fe753320,0x00000000ff580000)
 Metaspace       used 21188K, capacity 21492K, committed 22016K, reserved 1069056K
  class space    used 2391K, capacity 2494K, committed 2560K, reserved 1048576K
}

